2002.09.16 12:42 B D:\Reference material\Nepenthes\c@top\exported files\c@top.60x1.6x1x.lip.mov --> faculty.ucr.edu /home/pdeley/public_html/vce/Nep/nep.c@top c@top.60x1.6x1x.lip.mov
2002.09.18 16:38 B E:\Pablo\Webbers\nep.c@top\Backup_of_c@top4x.cdr --> faculty.ucr.edu /home/pdeley/public_html/vce/Nep/nep.c@top Backup_of_c@top4x.cdr
2002.09.18 16:38 B E:\Pablo\Webbers\nep.c@top\c@top.20x1.6x0.35x.neck.mov --> faculty.ucr.edu /home/pdeley/public_html/vce/Nep/nep.c@top c@top.20x1.6x0.35x.neck.mov
2002.09.18 16:38 B E:\Pablo\Webbers\nep.c@top\c@top.20x1.6x0.35x.ovary.mov --> faculty.ucr.edu /home/pdeley/public_html/vce/Nep/nep.c@top c@top.20x1.6x0.35x.ovary.mov
2002.09.18 16:38 B E:\Pablo\Webbers\nep.c@top\c@top.20x1.6x0.35x.sptheca.mov --> faculty.ucr.edu /home/pdeley/public_html/vce/Nep/nep.c@top c@top.20x1.6x0.35x.sptheca.mov
2002.09.18 16:38 B E:\Pablo\Webbers\nep.c@top\c@top.20x1.6x0.35x.tail.mov --> faculty.ucr.edu /home/pdeley/public_html/vce/Nep/nep.c@top c@top.20x1.6x0.35x.tail.mov
2002.09.18 16:38 B E:\Pablo\Webbers\nep.c@top\c@top.20x1.6x0.35x.vagina.mov --> faculty.ucr.edu /home/pdeley/public_html/vce/Nep/nep.c@top c@top.20x1.6x0.35x.vagina.mov
2002.09.18 16:38 B E:\Pablo\Webbers\nep.c@top\c@top.60x1.25x1x.sptheca.mov --> faculty.ucr.edu /home/pdeley/public_html/vce/Nep/nep.c@top c@top.60x1.25x1x.sptheca.mov
2002.09.18 16:38 B E:\Pablo\Webbers\nep.c@top\c@top.60x1.25x1x.vagina.mov --> faculty.ucr.edu /home/pdeley/public_html/vce/Nep/nep.c@top c@top.60x1.25x1x.vagina.mov
2002.09.18 16:38 B E:\Pablo\Webbers\nep.c@top\c@top.60x1.6x1x.lip.mov --> faculty.ucr.edu /home/pdeley/public_html/vce/Nep/nep.c@top c@top.60x1.6x1x.lip.mov
2002.09.18 16:38 B E:\Pablo\Webbers\nep.c@top\c@top.60x2x0.35x0.mov --> faculty.ucr.edu /home/pdeley/public_html/vce/Nep/nep.c@top c@top.60x2x0.35x0.mov
2002.09.18 16:38 B E:\Pablo\Webbers\nep.c@top\c@top.60x2x0.35x1.mov --> faculty.ucr.edu /home/pdeley/public_html/vce/Nep/nep.c@top c@top.60x2x0.35x1.mov
2002.09.18 16:38 B E:\Pablo\Webbers\nep.c@top\c@top.60x2x0.35x10.mov --> faculty.ucr.edu /home/pdeley/public_html/vce/Nep/nep.c@top c@top.60x2x0.35x10.mov
2002.09.18 16:38 B E:\Pablo\Webbers\nep.c@top\c@top.60x2x0.35x11.mov --> faculty.ucr.edu /home/pdeley/public_html/vce/Nep/nep.c@top c@top.60x2x0.35x11.mov
2002.09.18 16:39 B E:\Pablo\Webbers\nep.c@top\c@top.60x2x0.35x12.mov --> faculty.ucr.edu /home/pdeley/public_html/vce/Nep/nep.c@top c@top.60x2x0.35x12.mov
2002.09.18 16:39 B E:\Pablo\Webbers\nep.c@top\c@top.60x2x0.35x13.mov --> faculty.ucr.edu /home/pdeley/public_html/vce/Nep/nep.c@top c@top.60x2x0.35x13.mov
2002.09.18 16:39 B E:\Pablo\Webbers\nep.c@top\c@top.60x2x0.35x14.mov --> faculty.ucr.edu /home/pdeley/public_html/vce/Nep/nep.c@top c@top.60x2x0.35x14.mov
2002.09.18 16:39 B E:\Pablo\Webbers\nep.c@top\c@top.60x2x0.35x15.mov --> faculty.ucr.edu /home/pdeley/public_html/vce/Nep/nep.c@top c@top.60x2x0.35x15.mov
2002.09.18 16:39 B E:\Pablo\Webbers\nep.c@top\c@top.60x2x0.35x16.mov --> faculty.ucr.edu /home/pdeley/public_html/vce/Nep/nep.c@top c@top.60x2x0.35x16.mov
2002.09.18 16:39 B E:\Pablo\Webbers\nep.c@top\c@top.60x2x0.35x17.mov --> faculty.ucr.edu /home/pdeley/public_html/vce/Nep/nep.c@top c@top.60x2x0.35x17.mov
2002.09.18 16:39 B E:\Pablo\Webbers\nep.c@top\c@top.60x2x0.35x18.mov --> faculty.ucr.edu /home/pdeley/public_html/vce/Nep/nep.c@top c@top.60x2x0.35x18.mov
2002.09.18 16:39 B E:\Pablo\Webbers\nep.c@top\c@top.60x2x0.35x19.mov --> faculty.ucr.edu /home/pdeley/public_html/vce/Nep/nep.c@top c@top.60x2x0.35x19.mov
2002.09.18 16:39 B E:\Pablo\Webbers\nep.c@top\c@top.60x2x0.35x2.mov --> faculty.ucr.edu /home/pdeley/public_html/vce/Nep/nep.c@top c@top.60x2x0.35x2.mov
2002.09.18 16:39 B E:\Pablo\Webbers\nep.c@top\c@top.60x2x0.35x20.mov --> faculty.ucr.edu /home/pdeley/public_html/vce/Nep/nep.c@top c@top.60x2x0.35x20.mov
2002.09.18 16:39 B E:\Pablo\Webbers\nep.c@top\c@top.60x2x0.35x21.mov --> faculty.ucr.edu /home/pdeley/public_html/vce/Nep/nep.c@top c@top.60x2x0.35x21.mov
2002.09.18 16:39 B E:\Pablo\Webbers\nep.c@top\c@top.60x2x0.35x22.mov --> faculty.ucr.edu /home/pdeley/public_html/vce/Nep/nep.c@top c@top.60x2x0.35x22.mov
2002.09.18 16:39 B E:\Pablo\Webbers\nep.c@top\c@top.60x2x0.35x3.mov --> faculty.ucr.edu /home/pdeley/public_html/vce/Nep/nep.c@top c@top.60x2x0.35x3.mov
2002.09.18 16:39 B E:\Pablo\Webbers\nep.c@top\c@top.60x2x0.35x4.mov --> faculty.ucr.edu /home/pdeley/public_html/vce/Nep/nep.c@top c@top.60x2x0.35x4.mov
2002.09.18 16:39 B E:\Pablo\Webbers\nep.c@top\c@top.60x2x0.35x5.mov --> faculty.ucr.edu /home/pdeley/public_html/vce/Nep/nep.c@top c@top.60x2x0.35x5.mov
2002.09.18 16:39 B E:\Pablo\Webbers\nep.c@top\c@top.60x2x0.35x6.mov --> faculty.ucr.edu /home/pdeley/public_html/vce/Nep/nep.c@top c@top.60x2x0.35x6.mov
2002.09.18 16:39 B E:\Pablo\Webbers\nep.c@top\c@top.60x2x0.35x7.mov --> faculty.ucr.edu /home/pdeley/public_html/vce/Nep/nep.c@top c@top.60x2x0.35x7.mov
2002.09.18 16:39 B E:\Pablo\Webbers\nep.c@top\c@top.60x2x0.35x8.mov --> faculty.ucr.edu /home/pdeley/public_html/vce/Nep/nep.c@top c@top.60x2x0.35x8.mov
2002.09.18 16:39 B E:\Pablo\Webbers\nep.c@top\c@top.60x2x0.35x9.mov --> faculty.ucr.edu /home/pdeley/public_html/vce/Nep/nep.c@top c@top.60x2x0.35x9.mov
2002.09.18 16:39 B E:\Pablo\Webbers\nep.c@top\c@top.html --> faculty.ucr.edu /home/pdeley/public_html/vce/Nep/nep.c@top c@top.html
2002.09.18 16:39 B E:\Pablo\Webbers\nep.c@top\c@top4x.cdr --> faculty.ucr.edu /home/pdeley/public_html/vce/Nep/nep.c@top c@top4x.cdr
2002.09.18 16:39 B E:\Pablo\Webbers\nep.c@top\c@top4x.gif --> faculty.ucr.edu /home/pdeley/public_html/vce/Nep/nep.c@top c@top4x.gif
2002.09.18 16:39 B E:\Pablo\Webbers\nep.c@top\c@top4x.tif --> faculty.ucr.edu /home/pdeley/public_html/vce/Nep/nep.c@top c@top4x.tif
