2002.09.16 12:46 B D:\Reference material\Nepenthes\c^middle\exported files2\c^middle.60x1.6x1x.lip.mov --> faculty.ucr.edu /home/pdeley/public_html/vce/Nep/nep.c^middle c^middle.60x1.6x1x.lip.mov
2002.09.17 17:00 B E:\Pablo\Webbers\nep.c^middle\2c^middle.10x1x0.35x.entire.mov --> faculty.ucr.edu /home/pdeley/public_html/vce/Nep/nep.c^middle 2c^middle.10x1x0.35x.entire.mov
2002.09.17 17:00 B E:\Pablo\Webbers\nep.c^middle\2c^middle.20x1.6x0.35x.neck.mov --> faculty.ucr.edu /home/pdeley/public_html/vce/Nep/nep.c^middle 2c^middle.20x1.6x0.35x.neck.mov
2002.09.17 17:00 B E:\Pablo\Webbers\nep.c^middle\2c^middle.20x1.6x0.35x.tail.mov --> faculty.ucr.edu /home/pdeley/public_html/vce/Nep/nep.c^middle 2c^middle.20x1.6x0.35x.tail.mov
2002.09.17 17:00 B E:\Pablo\Webbers\nep.c^middle\2c^middle.20x1.6x0.35x.testis.mov --> faculty.ucr.edu /home/pdeley/public_html/vce/Nep/nep.c^middle 2c^middle.20x1.6x0.35x.testis.mov
2002.09.17 17:00 B E:\Pablo\Webbers\nep.c^middle\2c^middle.20x1.6x0.35x.vasdef.mov --> faculty.ucr.edu /home/pdeley/public_html/vce/Nep/nep.c^middle 2c^middle.20x1.6x0.35x.vasdef.mov
2002.09.17 17:00 B E:\Pablo\Webbers\nep.c^middle\2c^middle.60x1.6x1x.lip.mov --> faculty.ucr.edu /home/pdeley/public_html/vce/Nep/nep.c^middle 2c^middle.60x1.6x1x.lip.mov
2002.09.17 17:00 B E:\Pablo\Webbers\nep.c^middle\2c^middle.60x1x1x.spic.mov --> faculty.ucr.edu /home/pdeley/public_html/vce/Nep/nep.c^middle 2c^middle.60x1x1x.spic.mov
2002.09.17 17:00 B E:\Pablo\Webbers\nep.c^middle\2c^middle60x2x0.35x0.mov --> faculty.ucr.edu /home/pdeley/public_html/vce/Nep/nep.c^middle 2c^middle60x2x0.35x0.mov
2002.09.17 17:00 B E:\Pablo\Webbers\nep.c^middle\2c^middle60x2x0.35x1.mov --> faculty.ucr.edu /home/pdeley/public_html/vce/Nep/nep.c^middle 2c^middle60x2x0.35x1.mov
2002.09.17 17:00 B E:\Pablo\Webbers\nep.c^middle\2c^middle60x2x0.35x10.mov --> faculty.ucr.edu /home/pdeley/public_html/vce/Nep/nep.c^middle 2c^middle60x2x0.35x10.mov
2002.09.17 17:00 B E:\Pablo\Webbers\nep.c^middle\2c^middle60x2x0.35x11.mov --> faculty.ucr.edu /home/pdeley/public_html/vce/Nep/nep.c^middle 2c^middle60x2x0.35x11.mov
2002.09.17 17:00 B E:\Pablo\Webbers\nep.c^middle\2c^middle60x2x0.35x12.mov --> faculty.ucr.edu /home/pdeley/public_html/vce/Nep/nep.c^middle 2c^middle60x2x0.35x12.mov
2002.09.17 17:00 B E:\Pablo\Webbers\nep.c^middle\2c^middle60x2x0.35x13.mov --> faculty.ucr.edu /home/pdeley/public_html/vce/Nep/nep.c^middle 2c^middle60x2x0.35x13.mov
2002.09.17 17:00 B E:\Pablo\Webbers\nep.c^middle\2c^middle60x2x0.35x14.mov --> faculty.ucr.edu /home/pdeley/public_html/vce/Nep/nep.c^middle 2c^middle60x2x0.35x14.mov
2002.09.17 17:00 B E:\Pablo\Webbers\nep.c^middle\2c^middle60x2x0.35x15.mov --> faculty.ucr.edu /home/pdeley/public_html/vce/Nep/nep.c^middle 2c^middle60x2x0.35x15.mov
2002.09.17 17:00 B E:\Pablo\Webbers\nep.c^middle\2c^middle60x2x0.35x16.mov --> faculty.ucr.edu /home/pdeley/public_html/vce/Nep/nep.c^middle 2c^middle60x2x0.35x16.mov
2002.09.17 17:00 B E:\Pablo\Webbers\nep.c^middle\2c^middle60x2x0.35x17.mov --> faculty.ucr.edu /home/pdeley/public_html/vce/Nep/nep.c^middle 2c^middle60x2x0.35x17.mov
2002.09.17 17:00 B E:\Pablo\Webbers\nep.c^middle\2c^middle60x2x0.35x18.mov --> faculty.ucr.edu /home/pdeley/public_html/vce/Nep/nep.c^middle 2c^middle60x2x0.35x18.mov
2002.09.17 17:00 B E:\Pablo\Webbers\nep.c^middle\2c^middle60x2x0.35x2.mov --> faculty.ucr.edu /home/pdeley/public_html/vce/Nep/nep.c^middle 2c^middle60x2x0.35x2.mov
2002.09.17 17:00 B E:\Pablo\Webbers\nep.c^middle\2c^middle60x2x0.35x3.mov --> faculty.ucr.edu /home/pdeley/public_html/vce/Nep/nep.c^middle 2c^middle60x2x0.35x3.mov
2002.09.17 17:00 B E:\Pablo\Webbers\nep.c^middle\2c^middle60x2x0.35x4.mov --> faculty.ucr.edu /home/pdeley/public_html/vce/Nep/nep.c^middle 2c^middle60x2x0.35x4.mov
2002.09.17 17:00 B E:\Pablo\Webbers\nep.c^middle\2c^middle60x2x0.35x5.mov --> faculty.ucr.edu /home/pdeley/public_html/vce/Nep/nep.c^middle 2c^middle60x2x0.35x5.mov
2002.09.17 17:00 B E:\Pablo\Webbers\nep.c^middle\2c^middle60x2x0.35x6.mov --> faculty.ucr.edu /home/pdeley/public_html/vce/Nep/nep.c^middle 2c^middle60x2x0.35x6.mov
2002.09.17 17:00 B E:\Pablo\Webbers\nep.c^middle\2c^middle60x2x0.35x7.mov --> faculty.ucr.edu /home/pdeley/public_html/vce/Nep/nep.c^middle 2c^middle60x2x0.35x7.mov
2002.09.17 17:00 B E:\Pablo\Webbers\nep.c^middle\2c^middle60x2x0.35x8.mov --> faculty.ucr.edu /home/pdeley/public_html/vce/Nep/nep.c^middle 2c^middle60x2x0.35x8.mov
2002.09.17 17:00 B E:\Pablo\Webbers\nep.c^middle\2c^middle60x2x0.35x9.mov --> faculty.ucr.edu /home/pdeley/public_html/vce/Nep/nep.c^middle 2c^middle60x2x0.35x9.mov
2002.09.17 17:00 B E:\Pablo\Webbers\nep.c^middle\Backup_of_c^middle10x.cdr --> faculty.ucr.edu /home/pdeley/public_html/vce/Nep/nep.c^middle Backup_of_c^middle10x.cdr
2002.09.17 17:00 B E:\Pablo\Webbers\nep.c^middle\c^middle.html --> faculty.ucr.edu /home/pdeley/public_html/vce/Nep/nep.c^middle c^middle.html
2002.09.17 17:00 B E:\Pablo\Webbers\nep.c^middle\c^middle10x.cdr --> faculty.ucr.edu /home/pdeley/public_html/vce/Nep/nep.c^middle c^middle10x.cdr
2002.09.17 17:00 B E:\Pablo\Webbers\nep.c^middle\c^middle10x.gif --> faculty.ucr.edu /home/pdeley/public_html/vce/Nep/nep.c^middle c^middle10x.gif
